<?xml version="1.0" encoding="UTF-8"?>
<!-- Generated by org.testng.reporters.JUnitReportReporter -->
<testsuite hostname="DESKTOP-2PQSF4I" failures="0" tests="1" name="functionalTesting.FlipkartTesting" time="10.324" errors="0" timestamp="2023-09-28T11:34:53 IST" skipped="0">
  <testcase classname="functionalTesting.FlipkartTesting" name="verifyTitleandHeading" time="10.324"/>
  <system-out/>
</testsuite> <!-- functionalTesting.FlipkartTesting -->
